<?xml version="1.0" encoding="UTF-8"?>
<!-- Generated by org.testng.reporters.JUnitXMLReporter -->
<testsuite hostname="Nagesh-24731" ignored="0" name="Test" tests="1" failures="0" timestamp="2021-07-30T21:49:02 IST" time="0.054" errors="0">
  <testcase name="@BeforeSuite setup" time="0.006" classname="com.venky.Base.Testbase">
    <failure type="java.lang.NullPointerException">
      <![CDATA[java.lang.NullPointerException
at com.venky.Base.Testbase.setup(Testbase.java:31)
... Removed 19 stack frames]]>
    </failure>
  </testcase> <!-- @BeforeSuite setup -->
  <testcase name="LoginAsBankmanger" time="0.0" classname="com.venky.Testcases.Logintest">
    <skipped/>
  </testcase> <!-- LoginAsBankmanger -->
</testsuite> <!-- Test -->
